This is pdfTeX, Version 3.14159265-2.6-1.40.20 (TeX Live 2019/Debian) (preloaded format=pdflatex 2020.9.19)  12 OCT 2020 16:29
entering extended mode
 restricted \write18 enabled.
 %&-line parsing enabled.
**algoritmos_ordenação.tex
(./algoritmos_ordenação.tex
LaTeX2e <2020-02-02> patch level 2
L3 programming layer <2020-02-14>
(/usr/share/texlive/texmf-dist/tex/latex/base/article.cls
Document Class: article 2019/12/20 v1.4l Standard LaTeX document class
(/usr/share/texlive/texmf-dist/tex/latex/base/size12.clo
File: size12.clo 2019/12/20 v1.4l Standard LaTeX file (size option)
)
\c@part=\count167
\c@section=\count168
\c@subsection=\count169
\c@subsubsection=\count170
\c@paragraph=\count171
\c@subparagraph=\count172
\c@figure=\count173
\c@table=\count174
\abovecaptionskip=\skip47
\belowcaptionskip=\skip48
\bibindent=\dimen134
)
(/usr/share/texlive/texmf-dist/tex/generic/babel/babel.sty
Package: babel 2020/02/14 3.40 The Babel package

(/usr/share/texlive/texmf-dist/tex/generic/babel/switch.def
File: switch.def 2020/02/14 3.40 Babel switching mechanism
)
(/usr/share/texlive/texmf-dist/tex/generic/babel-portuges/portuges.ldf
Language: portuges 2008/03/18 v1.2q Portuguese support from the babel system

(/usr/share/texlive/texmf-dist/tex/generic/babel/babel.def
File: babel.def 2020/02/14 3.40 Babel common definitions
\babel@savecnt=\count175
\U@D=\dimen135

(/usr/share/texlive/texmf-dist/tex/generic/babel/txtbabel.def)
\bbl@readstream=\read2
\bbl@dirlevel=\count176
)
Package babel Info: Making " an active character on input line 145.
))
(/usr/share/texlive/texmf-dist/tex/latex/base/inputenc.sty
Package: inputenc 2018/08/11 v1.3c Input encoding file
\inpenc@prehook=\toks14
\inpenc@posthook=\toks15
)
(/usr/share/texlive/texmf-dist/tex/latex/amsmath/amsmath.sty
Package: amsmath 2020/01/20 v2.17e AMS math features
\@mathmargin=\skip49

For additional information on amsmath, use the `?' option.
(/usr/share/texlive/texmf-dist/tex/latex/amsmath/amstext.sty
Package: amstext 2000/06/29 v2.01 AMS text

(/usr/share/texlive/texmf-dist/tex/latex/amsmath/amsgen.sty
File: amsgen.sty 1999/11/30 v2.0 generic functions
\@emptytoks=\toks16
\ex@=\dimen136
))
(/usr/share/texlive/texmf-dist/tex/latex/amsmath/amsbsy.sty
Package: amsbsy 1999/11/29 v1.2d Bold Symbols
\pmbraise@=\dimen137
)
(/usr/share/texlive/texmf-dist/tex/latex/amsmath/amsopn.sty
Package: amsopn 2016/03/08 v2.02 operator names
)
\inf@bad=\count177
LaTeX Info: Redefining \frac on input line 227.
\uproot@=\count178
\leftroot@=\count179
LaTeX Info: Redefining \overline on input line 389.
\classnum@=\count180
\DOTSCASE@=\count181
LaTeX Info: Redefining \ldots on input line 486.
LaTeX Info: Redefining \dots on input line 489.
LaTeX Info: Redefining \cdots on input line 610.
\Mathstrutbox@=\box45
\strutbox@=\box46
\big@size=\dimen138
LaTeX Font Info:    Redeclaring font encoding OML on input line 733.
LaTeX Font Info:    Redeclaring font encoding OMS on input line 734.
\macc@depth=\count182
\c@MaxMatrixCols=\count183
\dotsspace@=\muskip16
\c@parentequation=\count184
\dspbrk@lvl=\count185
\tag@help=\toks17
\row@=\count186
\column@=\count187
\maxfields@=\count188
\andhelp@=\toks18
\eqnshift@=\dimen139
\alignsep@=\dimen140
\tagshift@=\dimen141
\tagwidth@=\dimen142
\totwidth@=\dimen143
\lineht@=\dimen144
\@envbody=\toks19
\multlinegap=\skip50
\multlinetaggap=\skip51
\mathdisplay@stack=\toks20
LaTeX Info: Redefining \[ on input line 2859.
LaTeX Info: Redefining \] on input line 2860.
)
(/usr/share/texlive/texmf-dist/tex/latex/tools/indentfirst.sty
Package: indentfirst 1995/11/23 v1.03 Indent first paragraph (DPC)
)
(/usr/share/texlive/texmf-dist/tex/latex/graphics/graphicx.sty
Package: graphicx 2019/11/30 v1.2a Enhanced LaTeX Graphics (DPC,SPQR)

(/usr/share/texlive/texmf-dist/tex/latex/graphics/keyval.sty
Package: keyval 2014/10/28 v1.15 key=value parser (DPC)
\KV@toks@=\toks21
)
(/usr/share/texlive/texmf-dist/tex/latex/graphics/graphics.sty
Package: graphics 2019/11/30 v1.4a Standard LaTeX Graphics (DPC,SPQR)

(/usr/share/texlive/texmf-dist/tex/latex/graphics/trig.sty
Package: trig 2016/01/03 v1.10 sin cos tan (DPC)
)
(/usr/share/texlive/texmf-dist/tex/latex/graphics-cfg/graphics.cfg
File: graphics.cfg 2016/06/04 v1.11 sample graphics configuration
)
Package graphics Info: Driver file: pdftex.def on input line 105.

(/usr/share/texlive/texmf-dist/tex/latex/graphics-def/pdftex.def
File: pdftex.def 2018/01/08 v1.0l Graphics/color driver for pdftex
))
\Gin@req@height=\dimen145
\Gin@req@width=\dimen146
)
(/usr/share/texlive/texmf-dist/tex/latex/tools/multicol.sty
Package: multicol 2019/12/09 v1.8y multicolumn formatting (FMi)
\c@tracingmulticols=\count189
\mult@box=\box47
\multicol@leftmargin=\dimen147
\c@unbalance=\count190
\c@collectmore=\count191
\doublecol@number=\count192
\multicoltolerance=\count193
\multicolpretolerance=\count194
\full@width=\dimen148
\page@free=\dimen149
\premulticols=\dimen150
\postmulticols=\dimen151
\multicolsep=\skip52
\multicolbaselineskip=\skip53
\partial@page=\box48
\last@line=\box49
\maxbalancingoverflow=\dimen152
\mult@rightbox=\box50
\mult@grightbox=\box51
\mult@gfirstbox=\box52
\mult@firstbox=\box53
\@tempa=\box54
\@tempa=\box55
\@tempa=\box56
\@tempa=\box57
\@tempa=\box58
\@tempa=\box59
\@tempa=\box60
\@tempa=\box61
\@tempa=\box62
\@tempa=\box63
\@tempa=\box64
\@tempa=\box65
\@tempa=\box66
\@tempa=\box67
\@tempa=\box68
\@tempa=\box69
\@tempa=\box70
\@tempa=\box71
\@tempa=\box72
\@tempa=\box73
\@tempa=\box74
\@tempa=\box75
\@tempa=\box76
\@tempa=\box77
\@tempa=\box78
\@tempa=\box79
\@tempa=\box80
\@tempa=\box81
\@tempa=\box82
\@tempa=\box83
\@tempa=\box84
\@tempa=\box85
\@tempa=\box86
\@tempa=\box87
\@tempa=\box88
\@tempa=\box89
\@tempa=\box90
\c@minrows=\count195
\c@columnbadness=\count196
\c@finalcolumnbadness=\count197
\last@try=\dimen153
\multicolovershoot=\dimen154
\multicolundershoot=\dimen155
\mult@nat@firstbox=\box91
\colbreak@box=\box92
\mc@col@check@num=\count198
)
(/usr/share/texlive/texmf-dist/tex/latex/lipsum/lipsum.sty
(/usr/share/texlive/texmf-dist/tex/latex/l3kernel/expl3.sty
Package: expl3 2020-02-14 L3 programming layer (loader) 

(/usr/share/texlive/texmf-dist/tex/latex/l3backend/l3backend-pdfmode.def
File: l3backend-pdfmode.def 2020-02-03 L3 backend support: PDF mode
\l__kernel_color_stack_int=\count199
\l__pdf_internal_box=\box93
))
(/usr/share/texlive/texmf-dist/tex/latex/l3packages/xparse/xparse.sty
Package: xparse 2020-02-14 L3 Experimental document command parser
\l__xparse_current_arg_int=\count266
\g__xparse_grabber_int=\count267
\l__xparse_m_args_int=\count268
\l__xparse_v_nesting_int=\count269
)
Package: lipsum 2019/01/02 v2.2 150 paragraphs of Lorem Ipsum dummy text

(/usr/share/texlive/texmf-dist/tex/latex/lipsum/lipsum.ltd.tex
File: lipsum.ltd.tex 2019/01/02 v2.2 The Lorem ipsum dummy text
))
(/usr/share/texlive/texmf-dist/tex/latex/booktabs/booktabs.sty
Package: booktabs 2020/01/12 v1.61803398 Publication quality tables
\heavyrulewidth=\dimen156
\lightrulewidth=\dimen157
\cmidrulewidth=\dimen158
\belowrulesep=\dimen159
\belowbottomsep=\dimen160
\aboverulesep=\dimen161
\abovetopsep=\dimen162
\cmidrulesep=\dimen163
\cmidrulekern=\dimen164
\defaultaddspace=\dimen165
\@cmidla=\count270
\@cmidlb=\count271
\@aboverulesep=\dimen166
\@belowrulesep=\dimen167
\@thisruleclass=\count272
\@lastruleclass=\count273
\@thisrulewidth=\dimen168
)
(/usr/share/texlive/texmf-dist/tex/latex/tools/longtable.sty
Package: longtable 2020/01/07 v4.13 Multi-page Table package (DPC)
\LTleft=\skip54
\LTright=\skip55
\LTpre=\skip56
\LTpost=\skip57
\LTchunksize=\count274
\LTcapwidth=\dimen169
\LT@head=\box94
\LT@firsthead=\box95
\LT@foot=\box96
\LT@lastfoot=\box97
\LT@cols=\count275
\LT@rows=\count276
\c@LT@tables=\count277
\c@LT@chunks=\count278
\LT@p@ftn=\toks22
)
(/usr/share/texlive/texmf-dist/tex/latex/pst-pdf/pst-pdf.sty
Package: pst-pdf 2019/11/15 v1.2e PS graphics for pdfLaTeX (RN,HjG)

(/usr/share/texlive/texmf-dist/tex/generic/iftex/ifpdf.sty
Package: ifpdf 2019/10/25 v3.4 ifpdf legacy package. Use iftex instead.

(/usr/share/texlive/texmf-dist/tex/generic/iftex/iftex.sty
Package: iftex 2019/11/07 v1.0c TeX engine tests
))
(/usr/share/texlive/texmf-dist/tex/generic/iftex/ifxetex.sty
Package: ifxetex 2019/10/25 v0.7 ifxetex legacy package. Use iftex instead.
)
(/usr/share/texlive/texmf-dist/tex/generic/iftex/ifvtex.sty
Package: ifvtex 2019/10/25 v1.7 ifvtex legacy package. Use iftex instead.
)
(/usr/share/texlive/texmf-dist/tex/generic/luatex85/luatex85.sty
Package: luatex85 2016/06/15 v1.4 pdftex aliases for luatex
)
\c@pspicture=\count279
Package pst-pdf Info: MODE: 1 (pdfTeX mode) on input line 216.

(/usr/share/texlive/texmf-dist/tex/latex/pstricks/pstricks.sty
Package: pstricks 2018/12/21 v0.69 LaTeX wrapper for `PSTricks' (RN,HV)

(/usr/share/texlive/texmf-dist/tex/latex/tools/shellesc.sty
Package: shellesc 2019/11/08 v1.0c unified shell escape interface for LaTeX
Package shellesc Info: Restricted shell escape enabled on input line 77.
)
(/usr/share/texlive/texmf-dist/tex/latex/xcolor/xcolor.sty
Package: xcolor 2016/05/11 v2.12 LaTeX color extensions (UK)

(/usr/share/texlive/texmf-dist/tex/latex/graphics-cfg/color.cfg
File: color.cfg 2016/01/02 v1.6 sample color configuration
)
Package xcolor Info: Driver file: pdftex.def on input line 225.
Package xcolor Info: Model `cmy' substituted by `cmy0' on input line 1348.
Package xcolor Info: Model `hsb' substituted by `rgb' on input line 1352.
Package xcolor Info: Model `RGB' extended on input line 1364.
Package xcolor Info: Model `HTML' substituted by `rgb' on input line 1366.
Package xcolor Info: Model `Hsb' substituted by `hsb' on input line 1367.
Package xcolor Info: Model `tHsb' substituted by `hsb' on input line 1368.
Package xcolor Info: Model `HSB' substituted by `hsb' on input line 1369.
Package xcolor Info: Model `Gray' substituted by `gray' on input line 1370.
Package xcolor Info: Model `wave' substituted by `hsb' on input line 1371.
)
(/usr/share/texlive/texmf-dist/tex/generic/xkeyval/pst-xkey.tex
File: pst-xkey.tex 2005/11/25 v1.6 PSTricks specialization of xkeyval (HA)

(/usr/share/texlive/texmf-dist/tex/latex/xkeyval/xkeyval.sty
Package: xkeyval 2014/12/03 v2.7a package option processing (HA)

(/usr/share/texlive/texmf-dist/tex/generic/xkeyval/xkeyval.tex
(/usr/share/texlive/texmf-dist/tex/generic/xkeyval/xkvutils.tex
\XKV@toks=\toks23
\XKV@tempa@toks=\toks24
)
\XKV@depth=\count280
File: xkeyval.tex 2014/12/03 v2.7a key=value parser (HA)
)))
(/usr/share/texlive/texmf-dist/tex/generic/pstricks/pstricks.tex
(/usr/share/texlive/texmf-dist/tex/generic/pstricks/pst-fp.tex
`pst-fp' v0.05, 2010/01/17 (hv)
\pstFP@xs=\count281
\pstFP@xia=\count282
\pstFP@xib=\count283
\pstFP@xfa=\count284
\pstFP@xfb=\count285
\pstFP@rega=\count286
\pstFP@regb=\count287
\pstFP@regs=\count288
\pstFP@times=\count289
)
(/usr/share/texlive/texmf-dist/tex/generic/pgf/utilities/pgfutil-common.tex
\pgfutil@everybye=\toks25
\pgfutil@tempdima=\dimen170
\pgfutil@tempdimb=\dimen171

(/usr/share/texlive/texmf-dist/tex/generic/pgf/utilities/pgfutil-common-lists.t
ex)) (/usr/share/texlive/texmf-dist/tex/generic/pgf/utilities/pgfkeys.code.tex
\pgfkeys@pathtoks=\toks26
\pgfkeys@temptoks=\toks27

(/usr/share/texlive/texmf-dist/tex/generic/pgf/utilities/pgfkeysfiltered.code.t
ex
\pgfkeys@tmptoks=\toks28
)) (/usr/share/texlive/texmf-dist/tex/generic/pgf/utilities/pgffor.code.tex
Loading pgffor.code.tex
(/usr/share/texlive/texmf-dist/tex/generic/pgf/math/pgfmath.code.tex
(/usr/share/texlive/texmf-dist/tex/generic/pgf/math/pgfmathcalc.code.tex
(/usr/share/texlive/texmf-dist/tex/generic/pgf/math/pgfmathutil.code.tex
\pgf@x=\dimen172
\pgf@xa=\dimen173
\pgf@xb=\dimen174
\pgf@xc=\dimen175
\pgf@y=\dimen176
\pgf@ya=\dimen177
\pgf@yb=\dimen178
\pgf@yc=\dimen179
\c@pgf@counta=\count290
\c@pgf@countb=\count291
\c@pgf@countc=\count292
\c@pgf@countd=\count293
\pgfutil@tempcnta=\count294
\pgfutil@tempcntb=\count295
)
(/usr/share/texlive/texmf-dist/tex/generic/pgf/math/pgfmathparser.code.tex
\pgfmath@dimen=\dimen180
\pgfmath@count=\count296
\pgfmath@box=\box98
\pgfmath@toks=\toks29
\pgfmath@stack@operand=\toks30
\pgfmath@stack@operation=\toks31
)
(/usr/share/texlive/texmf-dist/tex/generic/pgf/math/pgfmathfunctions.code.tex
(/usr/share/texlive/texmf-dist/tex/generic/pgf/math/pgfmathfunctions.basic.code
.tex)
(/usr/share/texlive/texmf-dist/tex/generic/pgf/math/pgfmathfunctions.trigonomet
ric.code.tex)
(/usr/share/texlive/texmf-dist/tex/generic/pgf/math/pgfmathfunctions.random.cod
e.tex)
(/usr/share/texlive/texmf-dist/tex/generic/pgf/math/pgfmathfunctions.comparison
.code.tex)
(/usr/share/texlive/texmf-dist/tex/generic/pgf/math/pgfmathfunctions.base.code.
tex)
(/usr/share/texlive/texmf-dist/tex/generic/pgf/math/pgfmathfunctions.round.code
.tex)
(/usr/share/texlive/texmf-dist/tex/generic/pgf/math/pgfmathfunctions.misc.code.
tex)
(/usr/share/texlive/texmf-dist/tex/generic/pgf/math/pgfmathfunctions.integerari
thmetics.code.tex)))
(/usr/share/texlive/texmf-dist/tex/generic/pgf/math/pgfmathfloat.code.tex
\c@pgfmathroundto@lastzeros=\count297
))
\pgffor@iter=\dimen181
\pgffor@skip=\dimen182
\pgffor@stack=\toks32
\pgffor@toks=\toks33
)
\psLoopIndex=\count298

`PSTricks' v2.97  <2019/05/11> (tvz,hv)
\pst@dima=\dimen183
\pst@dimb=\dimen184
\pst@dimc=\dimen185
\pst@dimd=\dimen186
\pst@dimg=\dimen187
\pst@dimh=\dimen188
\pst@dimm=\dimen189
\pst@dimn=\dimen190
\pst@dimo=\dimen191
\pst@dimp=\dimen192
\pst@hbox=\box99
\pst@ibox=\box100
\pst@boxg=\box101
\pst@cnta=\count299
\pst@cntb=\count300
\pst@cntc=\count301
\pst@cntd=\count302
\pst@cntg=\count303
\pst@cnth=\count304
\pst@cntm=\count305
\pst@cntn=\count306
\pst@cnto=\count307
\pst@cntp=\count308
\@zero=\count309
\pst@toks=\toks34
(/usr/share/texlive/texmf-dist/tex/generic/pstricks/pstricks.con)
\psunit=\dimen193
\psxunit=\dimen194
\psyunit=\dimen195
\pst@C@@rType=\count310
\pslinewidth=\dimen196
\psk@startLW=\dimen197
\psk@endLW=\dimen198
\pst@customdefs=\toks35
\pslinearc=\dimen199
\pst@symbolStep=\dimen256
\pst@symbolWidth=\dimen257
\pst@symbolLinewidth=\dimen258
\everypsbox=\toks36
\psframesep=\dimen259
\pslabelsep=\dimen260
\sh@wgridXunit=\dimen261
\sh@wgridYunit=\dimen262
\pst@shift=\dimen263
)
File: pstricks.tex 2019/05/11 v2.97 `PSTricks' (tvz,hv)

(/usr/share/texlive/texmf-dist/tex/generic/pstricks/pst-fp.tex)
File: pst-fp.tex 2019/05/11 v2.97 `PST-fp' (hv)
)
\ppf@output=\toks37

(/usr/share/texmf/tex/latex/preview/preview.sty
Package: preview 2017/04/24 11.91 (AUCTeX/preview-latex)
\pr@snippet=\count311
\pr@box=\box102
\pr@output=\toks38
)
(/usr/share/texlive/texmf-dist/tex/latex/graphics-def/dvips.def
File: dvips.def 2017/06/20 v3.1d Graphics/color driver for dvips
)
(/usr/share/texlive/texmf-dist/tex/latex/environ/environ.sty
Package: environ 2014/05/04 v0.3 A new way to define environments

(/usr/share/texlive/texmf-dist/tex/latex/trimspaces/trimspaces.sty
Package: trimspaces 2009/09/17 v1.1 Trim spaces around a token list
)))
(/usr/share/texlive/texmf-dist/tex/latex/listings/listings.sty
\lst@mode=\count312
\lst@gtempboxa=\box103
\lst@token=\toks39
\lst@length=\count313
\lst@currlwidth=\dimen264
\lst@column=\count314
\lst@pos=\count315
\lst@lostspace=\dimen265
\lst@width=\dimen266
\lst@newlines=\count316
\lst@lineno=\count317
\lst@maxwidth=\dimen267

(/usr/share/texlive/texmf-dist/tex/latex/listings/lstmisc.sty
File: lstmisc.sty 2019/09/10 1.8c (Carsten Heinz)
\c@lstnumber=\count318
\lst@skipnumbers=\count319
\lst@framebox=\box104
)
(/usr/share/texlive/texmf-dist/tex/latex/listings/listings.cfg
File: listings.cfg 2019/09/10 1.8c listings configuration
))
Package: listings 2019/09/10 1.8c (Carsten Heinz)

(/usr/share/texlive/texmf-dist/tex/latex/listings/lstlang1.sty
File: lstlang1.sty 2019/09/10 1.8c listings language file
)
(/usr/share/texlive/texmf-dist/tex/latex/listings/lstlang1.sty
File: lstlang1.sty 2019/09/10 1.8c listings language file
)
(/usr/share/texlive/texmf-dist/tex/latex/listings/lstmisc.sty
File: lstmisc.sty 2019/09/10 1.8c (Carsten Heinz)
)
(./algoritmos_ordenação.aux)
\openout1 = `algoritmos_ordenação.aux'.

LaTeX Font Info:    Checking defaults for OML/cmm/m/it on input line 22.
LaTeX Font Info:    ... okay on input line 22.
LaTeX Font Info:    Checking defaults for OMS/cmsy/m/n on input line 22.
LaTeX Font Info:    ... okay on input line 22.
LaTeX Font Info:    Checking defaults for OT1/cmr/m/n on input line 22.
LaTeX Font Info:    ... okay on input line 22.
LaTeX Font Info:    Checking defaults for T1/cmr/m/n on input line 22.
LaTeX Font Info:    ... okay on input line 22.
LaTeX Font Info:    Checking defaults for TS1/cmr/m/n on input line 22.
LaTeX Font Info:    ... okay on input line 22.
LaTeX Font Info:    Checking defaults for OMX/cmex/m/n on input line 22.
LaTeX Font Info:    ... okay on input line 22.
LaTeX Font Info:    Checking defaults for U/cmr/m/n on input line 22.
LaTeX Font Info:    ... okay on input line 22.

(/usr/share/texlive/texmf-dist/tex/context/base/mkii/supp-pdf.mkii
[Loading MPS to PDF converter (version 2006.09.02).]
\scratchcounter=\count320
\scratchdimen=\dimen268
\scratchbox=\box105
\nofMPsegments=\count321
\nofMParguments=\count322
\everyMPshowfont=\toks40
\MPscratchCnt=\count323
\MPscratchDim=\dimen269
\MPnumerator=\count324
\makeMPintoPDFobject=\count325
\everyMPtoPDFconversion=\toks41
)
Preview: Fontsize 12pt
Preview: PDFoutput 1
\c@lstlisting=\count326
[1


Non-PDF special ignored!
<special> ps: /pssetRGBcolor /setrgbcolor load def /pssetCMYKcolor /setcmyk...
Non-PDF special ignored!
<special> ps:tx@Dict begin  gsave STV CP T /ps@rot 0 def grestore  end
Non-PDF special ignored!
<special> ps:tx@Dict begin  gsave STV CP T /ps@refangle 0.  def grestore  e...
{/var/lib/texmf/fonts/map/pdftex/updmap/pdftex.map}] [1]
(./algoritmos_ordenação.toc [1])
\tf@toc=\write3
\openout3 = `algoritmos_ordenação.toc'.

 [2]
Overfull \hbox (1.6626pt too wide) in paragraph at lines 154--156
[]\OT1/cmr/m/n/12 Os qua-tro al-go-rit-mos es-co-lhi-dos fo-ram im-ple-men-ta-d
os na lin-gua-gem C++,
 []


Underfull \hbox (badness 10000) in paragraph at lines 157--160

 []

[1]
Overfull \hbox (0.28632pt too wide) in paragraph at lines 161--162
[]\OT1/cmr/m/n/12 A bi-bli-o-teca ch-rono3 foi res-pons^^Savel pe-las medi^^Xc~
oes do tempo de execu^^Xc~ao. 
 []

[2] [3] [4] [5] [6] [7] [8] [9] [10] [11]
Overfull \hbox (22.15285pt too wide) in alignment at lines 551--556
 [] [] [] [] 
 []


Overfull \hbox (22.15285pt too wide) in alignment at lines 556--558
 [] [] [] [] 
 []


Overfull \hbox (22.15285pt too wide) in alignment at lines 558--579
 [] [] [] [] 
 []


Overfull \hbox (22.15285pt too wide) in alignment at lines 579--585
 [] [] [] [] 
 []

[12] [13] [14] [15]
Overfull \hbox (22.15285pt too wide) in alignment at lines 709--714
 [] [] [] [] 
 []


Overfull \hbox (22.15285pt too wide) in alignment at lines 714--716
 [] [] [] [] 
 []


Overfull \hbox (22.15285pt too wide) in alignment at lines 716--737
 [] [] [] [] 
 []

[16]
Overfull \hbox (22.15285pt too wide) in alignment at lines 737--743
 [] [] [] [] 
 []

[17] [18] [19] [20] [21] [22] [23] [24] [25] [26] [27] [28] [29]
<Insertion.png, id=111, 602.25pt x 372.39125pt>
File: Insertion.png Graphic file (type png)
<use Insertion.png>
Package pdftex.def Info: Insertion.png  used on input line 1230.
(pdftex.def)             Requested size: 429.01569pt x 234.0111pt.

Overfull \hbox (39.01569pt too wide) in paragraph at lines 1230--1231
 [][] 
 []

<Insertion_linha.png, id=113, 602.25pt x 372.39125pt>
File: Insertion_linha.png Graphic file (type png)
<use Insertion_linha.png>
Package pdftex.def Info: Insertion_linha.png  used on input line 1237.
(pdftex.def)             Requested size: 429.01569pt x 222.31139pt.

Overfull \hbox (39.01569pt too wide) in paragraph at lines 1237--1238
 [][] 
 []

[30 <./Insertion.png> <./Insertion_linha.png>]
<Selection.png, id=119, 602.25pt x 372.39125pt>
File: Selection.png Graphic file (type png)
<use Selection.png>
Package pdftex.def Info: Selection.png  used on input line 1249.
(pdftex.def)             Requested size: 429.01569pt x 234.0111pt.

Overfull \hbox (39.01569pt too wide) in paragraph at lines 1249--1250
 [][] 
 []

<Selection_linha.png, id=120, 602.25pt x 372.39125pt>
File: Selection_linha.png Graphic file (type png)
<use Selection_linha.png>
Package pdftex.def Info: Selection_linha.png  used on input line 1255.
(pdftex.def)             Requested size: 429.01569pt x 222.31139pt.

Overfull \hbox (39.01569pt too wide) in paragraph at lines 1255--1256
 [][] 
 []

[31 <./Selection.png> <./Selection_linha.png>]
<Bubble.png, id=126, 602.25pt x 372.39125pt>
File: Bubble.png Graphic file (type png)
<use Bubble.png>
Package pdftex.def Info: Bubble.png  used on input line 1267.
(pdftex.def)             Requested size: 429.01569pt x 234.0111pt.

Overfull \hbox (39.01569pt too wide) in paragraph at lines 1267--1268
 [][] 
 []

<Bubble_linha.png, id=127, 602.25pt x 372.39125pt>
File: Bubble_linha.png Graphic file (type png)
<use Bubble_linha.png>
Package pdftex.def Info: Bubble_linha.png  used on input line 1274.
(pdftex.def)             Requested size: 429.01569pt x 222.31139pt.

Overfull \hbox (39.01569pt too wide) in paragraph at lines 1274--1275
 [][] 
 []

<Shell .png, id=128, 602.25pt x 372.39125pt>
File: Shell .png Graphic file (type png)
<use Shell .png>
Package pdftex.def Info: Shell .png  used on input line 1285.
(pdftex.def)             Requested size: 429.01569pt x 230.1074pt.

Overfull \hbox (39.01569pt too wide) in paragraph at lines 1285--1286
 [][] 
 []

<Shell_linha.png, id=129, 602.25pt x 372.39125pt>
File: Shell_linha.png Graphic file (type png)
<use Shell_linha.png>
Package pdftex.def Info: Shell_linha.png  used on input line 1291.
(pdftex.def)             Requested size: 390.01509pt x 222.31139pt.
[32 <./Bubble.png> <./Bubble_linha.png>] [33 <./Shell .png> <./Shell_linha.png>
]
<Quick.png, id=141, 602.25pt x 372.39125pt>
File: Quick.png Graphic file (type png)
<use Quick.png>
Package pdftex.def Info: Quick.png  used on input line 1304.
(pdftex.def)             Requested size: 390.01509pt x 234.0111pt.
<Quick_linha.png, id=142, 602.25pt x 372.39125pt>
File: Quick_linha.png Graphic file (type png)
<use Quick_linha.png>
Package pdftex.def Info: Quick_linha.png  used on input line 1310.
(pdftex.def)             Requested size: 390.01509pt x 222.31139pt.
 [34 <./Quick.png> <./Quick_linha.png>]
<Merge.png, id=148, 602.25pt x 372.39125pt>
File: Merge.png Graphic file (type png)
<use Merge.png>
Package pdftex.def Info: Merge.png  used on input line 1320.
(pdftex.def)             Requested size: 390.01509pt x 234.0111pt.
<Merge _linha.png, id=149, 602.25pt x 372.39125pt>
File: Merge _linha.png Graphic file (type png)
<use Merge _linha.png>
Package pdftex.def Info: Merge _linha.png  used on input line 1328.
(pdftex.def)             Requested size: 390.01509pt x 222.31139pt.
 [35 <./Merge.png> <./Merge _linha.png>]
<Radix.png, id=155, 602.25pt x 372.39125pt>
File: Radix.png Graphic file (type png)
<use Radix.png>
Package pdftex.def Info: Radix.png  used on input line 1340.
(pdftex.def)             Requested size: 390.01509pt x 234.0111pt.
<Radix_linha.png, id=156, 602.25pt x 372.39125pt>
File: Radix_linha.png Graphic file (type png)
<use Radix_linha.png>
Package pdftex.def Info: Radix_linha.png  used on input line 1347.
(pdftex.def)             Requested size: 390.01509pt x 222.31139pt.
 [36 <./Radix.png> <./Radix_linha.png>]
<Crescente.png, id=162, 602.25pt x 372.39125pt>
File: Crescente.png Graphic file (type png)
<use Crescente.png>
Package pdftex.def Info: Crescente.png  used on input line 1363.
(pdftex.def)             Requested size: 390.01509pt x 234.0111pt.
<Crescente1.png, id=163, 602.25pt x 372.39125pt>
File: Crescente1.png Graphic file (type png)
<use Crescente1.png>
Package pdftex.def Info: Crescente1.png  used on input line 1370.
(pdftex.def)             Requested size: 390.01509pt x 222.31139pt.
<Crescente2.png, id=164, 602.25pt x 372.39125pt>
File: Crescente2.png Graphic file (type png)
<use Crescente2.png>
Package pdftex.def Info: Crescente2.png  used on input line 1377.
(pdftex.def)             Requested size: 390.01509pt x 222.31139pt.


LaTeX Warning: `!h' float specifier changed to `!ht'.

[37 <./Crescente.png> <./Crescente1.png>]
<Decrescente.png, id=170, 602.25pt x 372.39125pt>
File: Decrescente.png Graphic file (type png)
<use Decrescente.png>
Package pdftex.def Info: Decrescente.png  used on input line 1385.
(pdftex.def)             Requested size: 390.01509pt x 234.0111pt.
<Decrescente1.png, id=171, 602.25pt x 372.39125pt>
File: Decrescente1.png Graphic file (type png)
<use Decrescente1.png>
Package pdftex.def Info: Decrescente1.png  used on input line 1392.
(pdftex.def)             Requested size: 390.01509pt x 222.31139pt.


LaTeX Warning: `!h' float specifier changed to `!ht'.

<Decrescente2.png, id=172, 602.25pt x 372.39125pt>
File: Decrescente2.png Graphic file (type png)
<use Decrescente2.png>
Package pdftex.def Info: Decrescente2.png  used on input line 1399.
(pdftex.def)             Requested size: 390.01509pt x 222.31139pt.

LaTeX Warning: `!h' float specifier changed to `!ht'.

[38 <./Crescente2.png> <./Decrescente.png>]
Underfull \hbox (badness 10000) in paragraph at lines 1403--1404

 []

<Random.png, id=178, 602.25pt x 372.39125pt>
File: Random.png Graphic file (type png)
<use Random.png>
Package pdftex.def Info: Random.png  used on input line 1410.
(pdftex.def)             Requested size: 390.01509pt x 234.0111pt.

LaTeX Warning: `!h' float specifier changed to `!ht'.

<Random_1.png, id=179, 602.25pt x 372.39125pt>
File: Random_1.png Graphic file (type png)
<use Random_1.png>
Package pdftex.def Info: Random_1.png  used on input line 1417.
(pdftex.def)             Requested size: 390.01509pt x 222.31139pt.

LaTeX Warning: `!h' float specifier changed to `!ht'.

<Random_2.png, id=180, 602.25pt x 372.39125pt>
File: Random_2.png Graphic file (type png)
<use Random_2.png>
Package pdftex.def Info: Random_2.png  used on input line 1424.
(pdftex.def)             Requested size: 390.01509pt x 222.31139pt.

LaTeX Warning: `!h' float specifier changed to `!ht'.

[39 <./Decrescente1.png> <./Decrescente2.png>]
Underfull \hbox (badness 10000) in paragraph at lines 1429--1430

 []

<75Random.png, id=187, 602.25pt x 372.39125pt>
File: 75Random.png Graphic file (type png)
<use 75Random.png>
Package pdftex.def Info: 75Random.png  used on input line 1435.
(pdftex.def)             Requested size: 390.01509pt x 234.0111pt.
[40 <./Random.png> <./Random_1.png>]
<75Random1.png, id=193, 602.25pt x 372.39125pt>
File: 75Random1.png Graphic file (type png)
<use 75Random1.png>
Package pdftex.def Info: 75Random1.png  used on input line 1442.
(pdftex.def)             Requested size: 390.01509pt x 222.31139pt.


LaTeX Warning: `!h' float specifier changed to `!ht'.

<75Random2.png, id=194, 602.25pt x 372.39125pt>
File: 75Random2.png Graphic file (type png)
<use 75Random2.png>
Package pdftex.def Info: 75Random2.png  used on input line 1449.
(pdftex.def)             Requested size: 390.01509pt x 222.31139pt.

LaTeX Warning: `!h' float specifier changed to `!ht'.

[41 <./Random_2.png> <./75Random.png>]
Underfull \hbox (badness 10000) in paragraph at lines 1454--1455

 []

<50Random.png, id=200, 602.25pt x 372.39125pt>
File: 50Random.png Graphic file (type png)
<use 50Random.png>
Package pdftex.def Info: 50Random.png  used on input line 1461.
(pdftex.def)             Requested size: 390.01509pt x 234.0111pt.

LaTeX Warning: `!h' float specifier changed to `!ht'.

<50Random1.png, id=201, 602.25pt x 372.39125pt>
File: 50Random1.png Graphic file (type png)
<use 50Random1.png>
Package pdftex.def Info: 50Random1.png  used on input line 1468.
(pdftex.def)             Requested size: 390.01509pt x 222.31139pt.

LaTeX Warning: `!h' float specifier changed to `!ht'.

<50Random2.png, id=202, 602.25pt x 372.39125pt>
File: 50Random2.png Graphic file (type png)
<use 50Random2.png>
Package pdftex.def Info: 50Random2.png  used on input line 1475.
(pdftex.def)             Requested size: 390.01509pt x 222.31139pt.

LaTeX Warning: `!h' float specifier changed to `!ht'.

[42 <./75Random1.png> <./75Random2.png>]
Underfull \hbox (badness 10000) in paragraph at lines 1480--1481

 []

<25Random.png, id=208, 602.25pt x 372.39125pt>
File: 25Random.png Graphic file (type png)
<use 25Random.png>
Package pdftex.def Info: 25Random.png  used on input line 1486.
(pdftex.def)             Requested size: 390.01509pt x 234.0111pt.
[43 <./50Random.png> <./50Random1.png>]
<25Random1.png, id=214, 602.25pt x 372.39125pt>
File: 25Random1.png Graphic file (type png)
<use 25Random1.png>
Package pdftex.def Info: 25Random1.png  used on input line 1493.
(pdftex.def)             Requested size: 390.01509pt x 222.31139pt.


LaTeX Warning: `!h' float specifier changed to `!ht'.

<25Random2.png, id=215, 602.25pt x 372.39125pt>
File: 25Random2.png Graphic file (type png)
<use 25Random2.png>
Package pdftex.def Info: 25Random2.png  used on input line 1500.
(pdftex.def)             Requested size: 390.01509pt x 222.31139pt.

LaTeX Warning: `!h' float specifier changed to `!ht'.

[44 <./50Random2.png> <./25Random.png>]
Underfull \hbox (badness 10000) in paragraph at lines 1506--1507

 []

[45 <./25Random1.png> <./25Random2.png>] [46] [47]
Underfull \hbox (badness 10000) in paragraph at lines 1544--1545

 []

[48]
LaTeX Font Info:    Trying to load font information for OMS+cmr on input line 1
556.
 (/usr/share/texlive/texmf-dist/tex/latex/base/omscmr.fd
File: omscmr.fd 2019/12/16 v2.5j Standard LaTeX font definitions
)
LaTeX Font Info:    Font shape `OMS/cmr/m/n' in size <10> not available
(Font)              Font shape `OMS/cmsy/m/n' tried instead on input line 1556.

LaTeX Font Info:    Trying to load font information for OML+cmr on input line 1
568.

(/usr/share/texlive/texmf-dist/tex/latex/base/omlcmr.fd
File: omlcmr.fd 2019/12/16 v2.5j Standard LaTeX font definitions
)
LaTeX Font Info:    Font shape `OML/cmr/m/n' in size <10> not available
(Font)              Font shape `OML/cmm/m/it' tried instead on input line 1568.


Overfull \hbox (6.00403pt too wide) in paragraph at lines 1571--1572
[][][][][][][][][][][][][][][][][][][][][][] 
 []


Overfull \hbox (6.00403pt too wide) in paragraph at lines 1610--1611
[][][][][][][][][][][][][][][][][][][][][][] 
 []

[49]
Overfull \hbox (42.0044pt too wide) in paragraph at lines 1628--1629
[][][][][][][][][][][][][][][][][][][][][][][][][][][][][][][][][][][][][][][][
][] 
 []

[50] [51] [52]
Overfull \hbox (18.00415pt too wide) in paragraph at lines 1815--1816
[][][][][][][][][][][][][][][][][][][][][][][][][][][][][][][][][] 
 []


Overfull \hbox (60.00458pt too wide) in paragraph at lines 1824--1825
[][][][][][][][][][][][][][][][][][][][][][][][][][][][][][][][][] 
 []


Overfull \hbox (54.00452pt too wide) in paragraph at lines 1832--1833
[][][][][][][][][][][][][][][][][][][][][][][][][][][][][][][][][] 
 []

[53] (./algoritmos_ordenação.aux) ) 
Here is how much of TeX's memory you used:
 12880 strings out of 481239
 219255 string characters out of 5920377
 781888 words of memory out of 5000000
 27958 multiletter control sequences out of 15000+600000
 539007 words of font info for 47 fonts, out of 8000000 for 9000
 1141 hyphenation exceptions out of 8191
 47i,10n,97p,522b,1580s stack positions out of 5000i,500n,10000p,200000b,80000s
{/usr/share/texmf/fonts/enc/dvips/cm-super
/cm-super-ts1.enc}</usr/share/texlive/texmf-dist/fonts/type1/public/amsfonts/cm
/cmbx10.pfb></usr/share/texlive/texmf-dist/fonts/type1/public/amsfonts/cm/cmbx1
2.pfb></usr/share/texlive/texmf-dist/fonts/type1/public/amsfonts/cm/cmmi10.pfb>
</usr/share/texlive/texmf-dist/fonts/type1/public/amsfonts/cm/cmmi12.pfb></usr/
share/texlive/texmf-dist/fonts/type1/public/amsfonts/cm/cmr10.pfb></usr/share/t
exlive/texmf-dist/fonts/type1/public/amsfonts/cm/cmr12.pfb></usr/share/texlive/
texmf-dist/fonts/type1/public/amsfonts/cm/cmsy10.pfb></usr/share/texmf/fonts/ty
pe1/public/cm-super/sfrm1000.pfb></usr/share/texmf/fonts/type1/public/cm-super/
sfrm1200.pfb>
Output written on algoritmos_ordenação.pdf (57 pages, 852282 bytes).
PDF statistics:
 291 PDF objects out of 1000 (max. 8388607)
 157 compressed objects within 2 object streams
 0 named destinations out of 1000 (max. 500000)
 161 words of extra memory for PDF output out of 10000 (max. 10000000)

