Performing C++ SOURCE FILE Test CMAKE_HAVE_LIBC_PTHREAD failed with the following output:
Change Dir: /home/tarsila/Área de Trabalho/EBD/hash-table/source_STUDENTS/build/CMakeFiles/CMakeTmp

Run Build Command(s):/usr/bin/make cmTC_c9219/fast && /usr/bin/make -f CMakeFiles/cmTC_c9219.dir/build.make CMakeFiles/cmTC_c9219.dir/build
make[1]: Entrando no diretório '/home/tarsila/Área de Trabalho/EBD/hash-table/source_STUDENTS/build/CMakeFiles/CMakeTmp'
Building CXX object CMakeFiles/cmTC_c9219.dir/src.cxx.o
/usr/bin/c++    -DCMAKE_HAVE_LIBC_PTHREAD   -o CMakeFiles/cmTC_c9219.dir/src.cxx.o -c "/home/tarsila/Área de Trabalho/EBD/hash-table/source_STUDENTS/build/CMakeFiles/CMakeTmp/src.cxx"
Linking CXX executable cmTC_c9219
/usr/bin/cmake -E cmake_link_script CMakeFiles/cmTC_c9219.dir/link.txt --verbose=1
/usr/bin/c++   -DCMAKE_HAVE_LIBC_PTHREAD    CMakeFiles/cmTC_c9219.dir/src.cxx.o  -o cmTC_c9219 
/usr/bin/ld: CMakeFiles/cmTC_c9219.dir/src.cxx.o: na função "main":
src.cxx:(.text+0x46): referência não definida para "pthread_create"
/usr/bin/ld: src.cxx:(.text+0x52): referência não definida para "pthread_detach"
/usr/bin/ld: src.cxx:(.text+0x63): referência não definida para "pthread_join"
collect2: error: ld returned 1 exit status
make[1]: *** [CMakeFiles/cmTC_c9219.dir/build.make:87: cmTC_c9219] Erro 1
make[1]: Saindo do diretório '/home/tarsila/Área de Trabalho/EBD/hash-table/source_STUDENTS/build/CMakeFiles/CMakeTmp'
make: *** [Makefile:121: cmTC_c9219/fast] Erro 2


Source file was:
#include <pthread.h>

void* test_func(void* data)
{
  return data;
}

int main(void)
{
  pthread_t thread;
  pthread_create(&thread, NULL, test_func, NULL);
  pthread_detach(thread);
  pthread_join(thread, NULL);
  pthread_atfork(NULL, NULL, NULL);
  pthread_exit(NULL);

  return 0;
}

Determining if the function pthread_create exists in the pthreads failed with the following output:
Change Dir: /home/tarsila/Área de Trabalho/EBD/hash-table/source_STUDENTS/build/CMakeFiles/CMakeTmp

Run Build Command(s):/usr/bin/make cmTC_4d6bc/fast && /usr/bin/make -f CMakeFiles/cmTC_4d6bc.dir/build.make CMakeFiles/cmTC_4d6bc.dir/build
make[1]: Entrando no diretório '/home/tarsila/Área de Trabalho/EBD/hash-table/source_STUDENTS/build/CMakeFiles/CMakeTmp'
Building CXX object CMakeFiles/cmTC_4d6bc.dir/CheckFunctionExists.cxx.o
/usr/bin/c++    -DCHECK_FUNCTION_EXISTS=pthread_create   -o CMakeFiles/cmTC_4d6bc.dir/CheckFunctionExists.cxx.o -c "/home/tarsila/Área de Trabalho/EBD/hash-table/source_STUDENTS/build/CMakeFiles/CheckLibraryExists/CheckFunctionExists.cxx"
Linking CXX executable cmTC_4d6bc
/usr/bin/cmake -E cmake_link_script CMakeFiles/cmTC_4d6bc.dir/link.txt --verbose=1
/usr/bin/c++   -DCHECK_FUNCTION_EXISTS=pthread_create    CMakeFiles/cmTC_4d6bc.dir/CheckFunctionExists.cxx.o  -o cmTC_4d6bc  -lpthreads 
/usr/bin/ld: não foi possível localizar -lpthreads
collect2: error: ld returned 1 exit status
make[1]: *** [CMakeFiles/cmTC_4d6bc.dir/build.make:87: cmTC_4d6bc] Erro 1
make[1]: Saindo do diretório '/home/tarsila/Área de Trabalho/EBD/hash-table/source_STUDENTS/build/CMakeFiles/CMakeTmp'
make: *** [Makefile:121: cmTC_4d6bc/fast] Erro 2



